mode: set
github.com/neilsmahajan/advent-of-code-2024/cmd/aoc/main.go:23.13,33.9 8 0
github.com/neilsmahajan/advent-of-code-2024/cmd/aoc/main.go:33.9,36.3 2 0
github.com/neilsmahajan/advent-of-code-2024/cmd/aoc/main.go:38.2,38.25 1 0
github.com/neilsmahajan/advent-of-code-2024/cmd/aoc/main.go:38.25,41.3 2 0
github.com/neilsmahajan/advent-of-code-2024/cmd/aoc/main.go:43.2,43.26 1 0
github.com/neilsmahajan/advent-of-code-2024/cmd/aoc/main.go:43.26,46.3 2 0
github.com/neilsmahajan/advent-of-code-2024/cmd/aoc/main.go:48.2,51.13 3 0
github.com/neilsmahajan/advent-of-code-2024/cmd/aoc/main.go:51.13,54.3 2 0
github.com/neilsmahajan/advent-of-code-2024/cmd/aoc/main.go:56.2,59.15 3 0
github.com/neilsmahajan/advent-of-code-2024/cmd/aoc/main.go:59.15,61.3 1 0
github.com/neilsmahajan/advent-of-code-2024/cmd/aoc/main.go:61.8,63.3 1 0
github.com/neilsmahajan/advent-of-code-2024/cmd/aoc/main.go:65.2,65.16 1 0
github.com/neilsmahajan/advent-of-code-2024/cmd/aoc/main.go:65.16,68.3 2 0
github.com/neilsmahajan/advent-of-code-2024/cmd/aoc/main.go:70.2,70.55 1 0
github.com/neilsmahajan/advent-of-code-2024/cmd/aoc/main.go:73.24,77.33 3 0
github.com/neilsmahajan/advent-of-code-2024/cmd/aoc/main.go:77.33,79.14 2 0
github.com/neilsmahajan/advent-of-code-2024/cmd/aoc/main.go:79.14,80.12 1 0
github.com/neilsmahajan/advent-of-code-2024/cmd/aoc/main.go:83.3,86.55 2 0
github.com/neilsmahajan/advent-of-code-2024/cmd/aoc/main.go:86.55,88.12 2 0
github.com/neilsmahajan/advent-of-code-2024/cmd/aoc/main.go:92.3,92.59 1 0
github.com/neilsmahajan/advent-of-code-2024/cmd/aoc/main.go:92.59,94.4 1 0
github.com/neilsmahajan/advent-of-code-2024/cmd/aoc/main.go:94.9,96.4 1 0
github.com/neilsmahajan/advent-of-code-2024/cmd/aoc/main.go:99.3,99.59 1 0
github.com/neilsmahajan/advent-of-code-2024/cmd/aoc/main.go:99.59,101.4 1 0
github.com/neilsmahajan/advent-of-code-2024/cmd/aoc/main.go:101.9,103.4 1 0
github.com/neilsmahajan/advent-of-code-2024/cmd/aoc/main.go:105.3,105.16 1 0
github.com/neilsmahajan/advent-of-code-2024/internal/utils/utils.go:12.51,14.16 2 0
github.com/neilsmahajan/advent-of-code-2024/internal/utils/utils.go:14.16,16.3 1 0
github.com/neilsmahajan/advent-of-code-2024/internal/utils/utils.go:17.2,17.15 1 0
github.com/neilsmahajan/advent-of-code-2024/internal/utils/utils.go:17.15,18.38 1 0
github.com/neilsmahajan/advent-of-code-2024/internal/utils/utils.go:18.38,20.4 1 0
github.com/neilsmahajan/advent-of-code-2024/internal/utils/utils.go:22.2,24.21 3 0
github.com/neilsmahajan/advent-of-code-2024/internal/utils/utils.go:24.21,26.3 1 0
github.com/neilsmahajan/advent-of-code-2024/internal/utils/utils.go:27.2,27.29 1 0
github.com/neilsmahajan/advent-of-code-2024/internal/utils/utils.go:31.47,33.16 2 0
github.com/neilsmahajan/advent-of-code-2024/internal/utils/utils.go:33.16,35.3 1 0
github.com/neilsmahajan/advent-of-code-2024/internal/utils/utils.go:37.2,38.29 2 0
github.com/neilsmahajan/advent-of-code-2024/internal/utils/utils.go:38.29,39.17 1 0
github.com/neilsmahajan/advent-of-code-2024/internal/utils/utils.go:39.17,40.12 1 0
github.com/neilsmahajan/advent-of-code-2024/internal/utils/utils.go:42.3,43.17 2 0
github.com/neilsmahajan/advent-of-code-2024/internal/utils/utils.go:43.17,45.4 1 0
github.com/neilsmahajan/advent-of-code-2024/internal/utils/utils.go:46.3,46.27 1 0
github.com/neilsmahajan/advent-of-code-2024/internal/utils/utils.go:48.2,48.18 1 0
github.com/neilsmahajan/advent-of-code-2024/internal/utils/utils.go:52.59,55.29 3 0
github.com/neilsmahajan/advent-of-code-2024/internal/utils/utils.go:55.29,57.17 2 0
github.com/neilsmahajan/advent-of-code-2024/internal/utils/utils.go:57.17,58.12 1 0
github.com/neilsmahajan/advent-of-code-2024/internal/utils/utils.go:60.3,61.17 2 0
github.com/neilsmahajan/advent-of-code-2024/internal/utils/utils.go:61.17,63.4 1 0
github.com/neilsmahajan/advent-of-code-2024/internal/utils/utils.go:64.3,64.27 1 0
github.com/neilsmahajan/advent-of-code-2024/internal/utils/utils.go:66.2,66.18 1 0
github.com/neilsmahajan/advent-of-code-2024/internal/utils/utils.go:70.24,71.11 1 0
github.com/neilsmahajan/advent-of-code-2024/internal/utils/utils.go:71.11,73.3 1 0
github.com/neilsmahajan/advent-of-code-2024/internal/utils/utils.go:74.2,74.10 1 0
github.com/neilsmahajan/advent-of-code-2024/internal/utils/utils.go:78.27,79.11 1 0
github.com/neilsmahajan/advent-of-code-2024/internal/utils/utils.go:79.11,81.3 1 0
github.com/neilsmahajan/advent-of-code-2024/internal/utils/utils.go:82.2,82.10 1 0
github.com/neilsmahajan/advent-of-code-2024/internal/utils/utils.go:86.27,87.11 1 0
github.com/neilsmahajan/advent-of-code-2024/internal/utils/utils.go:87.11,89.3 1 0
github.com/neilsmahajan/advent-of-code-2024/internal/utils/utils.go:90.2,90.10 1 0
github.com/neilsmahajan/advent-of-code-2024/internal/utils/utils.go:94.30,96.27 2 0
github.com/neilsmahajan/advent-of-code-2024/internal/utils/utils.go:96.27,98.3 1 0
github.com/neilsmahajan/advent-of-code-2024/internal/utils/utils.go:99.2,99.12 1 0
github.com/neilsmahajan/advent-of-code-2024/internal/utils/utils.go:103.41,105.29 2 0
github.com/neilsmahajan/advent-of-code-2024/internal/utils/utils.go:105.29,107.3 1 0
github.com/neilsmahajan/advent-of-code-2024/internal/utils/utils.go:108.2,108.13 1 0
github.com/neilsmahajan/advent-of-code-2024/internal/utils/utils.go:112.49,113.20 1 0
github.com/neilsmahajan/advent-of-code-2024/internal/utils/utils.go:113.20,115.3 1 0
github.com/neilsmahajan/advent-of-code-2024/internal/utils/utils.go:116.2,116.32 1 0
github.com/neilsmahajan/advent-of-code-2024/internal/utils/utils.go:120.49,122.2 1 0
github.com/neilsmahajan/advent-of-code-2024/internal/days/day01/day01.go:14.44,16.16 2 1
github.com/neilsmahajan/advent-of-code-2024/internal/days/day01/day01.go:16.16,18.3 1 0
github.com/neilsmahajan/advent-of-code-2024/internal/days/day01/day01.go:19.2,19.15 1 1
github.com/neilsmahajan/advent-of-code-2024/internal/days/day01/day01.go:19.15,20.38 1 1
github.com/neilsmahajan/advent-of-code-2024/internal/days/day01/day01.go:20.38,22.4 1 0
github.com/neilsmahajan/advent-of-code-2024/internal/days/day01/day01.go:24.2,26.21 3 1
github.com/neilsmahajan/advent-of-code-2024/internal/days/day01/day01.go:26.21,29.22 3 1
github.com/neilsmahajan/advent-of-code-2024/internal/days/day01/day01.go:29.22,31.4 1 0
github.com/neilsmahajan/advent-of-code-2024/internal/days/day01/day01.go:33.3,34.17 2 1
github.com/neilsmahajan/advent-of-code-2024/internal/days/day01/day01.go:34.17,36.4 1 0
github.com/neilsmahajan/advent-of-code-2024/internal/days/day01/day01.go:38.3,39.17 2 1
github.com/neilsmahajan/advent-of-code-2024/internal/days/day01/day01.go:39.17,41.4 1 0
github.com/neilsmahajan/advent-of-code-2024/internal/days/day01/day01.go:43.3,44.42 2 1
github.com/neilsmahajan/advent-of-code-2024/internal/days/day01/day01.go:46.2,46.38 1 1
github.com/neilsmahajan/advent-of-code-2024/internal/days/day01/day01.go:46.38,48.3 1 0
github.com/neilsmahajan/advent-of-code-2024/internal/days/day01/day01.go:51.2,51.37 1 1
github.com/neilsmahajan/advent-of-code-2024/internal/days/day01/day01.go:51.37,53.3 1 0
github.com/neilsmahajan/advent-of-code-2024/internal/days/day01/day01.go:56.2,62.37 4 1
github.com/neilsmahajan/advent-of-code-2024/internal/days/day01/day01.go:62.37,65.3 2 1
github.com/neilsmahajan/advent-of-code-2024/internal/days/day01/day01.go:66.2,66.32 1 1
github.com/neilsmahajan/advent-of-code-2024/internal/days/day01/day01.go:69.44,71.16 2 1
github.com/neilsmahajan/advent-of-code-2024/internal/days/day01/day01.go:71.16,73.3 1 0
github.com/neilsmahajan/advent-of-code-2024/internal/days/day01/day01.go:74.2,74.15 1 1
github.com/neilsmahajan/advent-of-code-2024/internal/days/day01/day01.go:74.15,75.38 1 1
github.com/neilsmahajan/advent-of-code-2024/internal/days/day01/day01.go:75.38,77.4 1 0
github.com/neilsmahajan/advent-of-code-2024/internal/days/day01/day01.go:79.2,81.21 3 1
github.com/neilsmahajan/advent-of-code-2024/internal/days/day01/day01.go:81.21,84.22 3 1
github.com/neilsmahajan/advent-of-code-2024/internal/days/day01/day01.go:84.22,86.4 1 0
github.com/neilsmahajan/advent-of-code-2024/internal/days/day01/day01.go:87.3,88.17 2 1
github.com/neilsmahajan/advent-of-code-2024/internal/days/day01/day01.go:88.17,90.4 1 0
github.com/neilsmahajan/advent-of-code-2024/internal/days/day01/day01.go:91.3,92.17 2 1
github.com/neilsmahajan/advent-of-code-2024/internal/days/day01/day01.go:92.17,94.4 1 0
github.com/neilsmahajan/advent-of-code-2024/internal/days/day01/day01.go:95.3,96.42 2 1
github.com/neilsmahajan/advent-of-code-2024/internal/days/day01/day01.go:98.2,98.37 1 1
github.com/neilsmahajan/advent-of-code-2024/internal/days/day01/day01.go:98.37,100.3 1 0
github.com/neilsmahajan/advent-of-code-2024/internal/days/day01/day01.go:101.2,101.38 1 1
github.com/neilsmahajan/advent-of-code-2024/internal/days/day01/day01.go:101.38,103.3 1 0
github.com/neilsmahajan/advent-of-code-2024/internal/days/day01/day01.go:105.2,106.31 2 1
github.com/neilsmahajan/advent-of-code-2024/internal/days/day01/day01.go:106.31,108.3 1 1
github.com/neilsmahajan/advent-of-code-2024/internal/days/day01/day01.go:109.2,110.32 2 1
github.com/neilsmahajan/advent-of-code-2024/internal/days/day01/day01.go:110.32,112.3 1 1
github.com/neilsmahajan/advent-of-code-2024/internal/days/day01/day01.go:113.2,114.47 2 1
github.com/neilsmahajan/advent-of-code-2024/internal/days/day01/day01.go:114.47,115.59 1 1
github.com/neilsmahajan/advent-of-code-2024/internal/days/day01/day01.go:115.59,117.4 1 1
github.com/neilsmahajan/advent-of-code-2024/internal/days/day01/day01.go:119.2,119.34 1 1
github.com/neilsmahajan/advent-of-code-2024/internal/days/day02/day02.go:9.44,11.16 2 1
github.com/neilsmahajan/advent-of-code-2024/internal/days/day02/day02.go:11.16,13.3 1 0
github.com/neilsmahajan/advent-of-code-2024/internal/days/day02/day02.go:14.2,14.15 1 1
github.com/neilsmahajan/advent-of-code-2024/internal/days/day02/day02.go:14.15,15.40 1 1
github.com/neilsmahajan/advent-of-code-2024/internal/days/day02/day02.go:15.40,17.4 1 0
github.com/neilsmahajan/advent-of-code-2024/internal/days/day02/day02.go:19.2,21.21 3 1
github.com/neilsmahajan/advent-of-code-2024/internal/days/day02/day02.go:21.21,23.36 2 1
github.com/neilsmahajan/advent-of-code-2024/internal/days/day02/day02.go:23.36,25.4 1 1
github.com/neilsmahajan/advent-of-code-2024/internal/days/day02/day02.go:26.3,26.36 1 1
github.com/neilsmahajan/advent-of-code-2024/internal/days/day02/day02.go:28.2,28.38 1 1
github.com/neilsmahajan/advent-of-code-2024/internal/days/day02/day02.go:28.38,30.3 1 0
github.com/neilsmahajan/advent-of-code-2024/internal/days/day02/day02.go:31.2,32.15 2 1
github.com/neilsmahajan/advent-of-code-2024/internal/days/day02/day02.go:35.44,38.2 1 1
