mode: set
github.com/neilsmahajan/advent-of-code-2024/cmd/aoc/main.go:23.13,33.9 8 0
github.com/neilsmahajan/advent-of-code-2024/cmd/aoc/main.go:33.9,36.3 2 0
github.com/neilsmahajan/advent-of-code-2024/cmd/aoc/main.go:38.2,38.25 1 0
github.com/neilsmahajan/advent-of-code-2024/cmd/aoc/main.go:38.25,41.3 2 0
github.com/neilsmahajan/advent-of-code-2024/cmd/aoc/main.go:43.2,43.26 1 0
github.com/neilsmahajan/advent-of-code-2024/cmd/aoc/main.go:43.26,46.3 2 0
github.com/neilsmahajan/advent-of-code-2024/cmd/aoc/main.go:48.2,51.13 3 0
github.com/neilsmahajan/advent-of-code-2024/cmd/aoc/main.go:51.13,54.3 2 0
github.com/neilsmahajan/advent-of-code-2024/cmd/aoc/main.go:56.2,59.15 3 0
github.com/neilsmahajan/advent-of-code-2024/cmd/aoc/main.go:59.15,61.3 1 0
github.com/neilsmahajan/advent-of-code-2024/cmd/aoc/main.go:61.8,63.3 1 0
github.com/neilsmahajan/advent-of-code-2024/cmd/aoc/main.go:65.2,65.16 1 0
github.com/neilsmahajan/advent-of-code-2024/cmd/aoc/main.go:65.16,68.3 2 0
github.com/neilsmahajan/advent-of-code-2024/cmd/aoc/main.go:70.2,70.55 1 0
github.com/neilsmahajan/advent-of-code-2024/cmd/aoc/main.go:73.24,77.33 3 0
github.com/neilsmahajan/advent-of-code-2024/cmd/aoc/main.go:77.33,79.14 2 0
github.com/neilsmahajan/advent-of-code-2024/cmd/aoc/main.go:79.14,80.12 1 0
github.com/neilsmahajan/advent-of-code-2024/cmd/aoc/main.go:83.3,86.55 2 0
github.com/neilsmahajan/advent-of-code-2024/cmd/aoc/main.go:86.55,88.12 2 0
github.com/neilsmahajan/advent-of-code-2024/cmd/aoc/main.go:92.3,92.59 1 0
github.com/neilsmahajan/advent-of-code-2024/cmd/aoc/main.go:92.59,94.4 1 0
github.com/neilsmahajan/advent-of-code-2024/cmd/aoc/main.go:94.9,96.4 1 0
github.com/neilsmahajan/advent-of-code-2024/cmd/aoc/main.go:99.3,99.59 1 0
github.com/neilsmahajan/advent-of-code-2024/cmd/aoc/main.go:99.59,101.4 1 0
github.com/neilsmahajan/advent-of-code-2024/cmd/aoc/main.go:101.9,103.4 1 0
github.com/neilsmahajan/advent-of-code-2024/cmd/aoc/main.go:105.3,105.16 1 0
github.com/neilsmahajan/advent-of-code-2024/internal/days/day02/day02.go:7.44,10.2 1 0
github.com/neilsmahajan/advent-of-code-2024/internal/days/day02/day02.go:12.44,15.2 1 0
github.com/neilsmahajan/advent-of-code-2024/internal/utils/utils.go:12.51,14.16 2 0
github.com/neilsmahajan/advent-of-code-2024/internal/utils/utils.go:14.16,16.3 1 0
github.com/neilsmahajan/advent-of-code-2024/internal/utils/utils.go:17.2,17.15 1 0
github.com/neilsmahajan/advent-of-code-2024/internal/utils/utils.go:17.15,18.38 1 0
github.com/neilsmahajan/advent-of-code-2024/internal/utils/utils.go:18.38,20.4 1 0
github.com/neilsmahajan/advent-of-code-2024/internal/utils/utils.go:22.2,24.21 3 0
github.com/neilsmahajan/advent-of-code-2024/internal/utils/utils.go:24.21,26.3 1 0
github.com/neilsmahajan/advent-of-code-2024/internal/utils/utils.go:28.2,28.29 1 0
github.com/neilsmahajan/advent-of-code-2024/internal/utils/utils.go:32.47,34.16 2 0
github.com/neilsmahajan/advent-of-code-2024/internal/utils/utils.go:34.16,36.3 1 0
github.com/neilsmahajan/advent-of-code-2024/internal/utils/utils.go:38.2,39.29 2 0
github.com/neilsmahajan/advent-of-code-2024/internal/utils/utils.go:39.29,40.17 1 0
github.com/neilsmahajan/advent-of-code-2024/internal/utils/utils.go:40.17,41.12 1 0
github.com/neilsmahajan/advent-of-code-2024/internal/utils/utils.go:43.3,44.17 2 0
github.com/neilsmahajan/advent-of-code-2024/internal/utils/utils.go:44.17,46.4 1 0
github.com/neilsmahajan/advent-of-code-2024/internal/utils/utils.go:47.3,47.27 1 0
github.com/neilsmahajan/advent-of-code-2024/internal/utils/utils.go:50.2,50.18 1 0
github.com/neilsmahajan/advent-of-code-2024/internal/utils/utils.go:54.59,57.29 3 0
github.com/neilsmahajan/advent-of-code-2024/internal/utils/utils.go:57.29,59.17 2 0
github.com/neilsmahajan/advent-of-code-2024/internal/utils/utils.go:59.17,60.12 1 0
github.com/neilsmahajan/advent-of-code-2024/internal/utils/utils.go:62.3,63.17 2 0
github.com/neilsmahajan/advent-of-code-2024/internal/utils/utils.go:63.17,65.4 1 0
github.com/neilsmahajan/advent-of-code-2024/internal/utils/utils.go:66.3,66.27 1 0
github.com/neilsmahajan/advent-of-code-2024/internal/utils/utils.go:68.2,68.18 1 0
github.com/neilsmahajan/advent-of-code-2024/internal/utils/utils.go:72.24,73.11 1 0
github.com/neilsmahajan/advent-of-code-2024/internal/utils/utils.go:73.11,75.3 1 0
github.com/neilsmahajan/advent-of-code-2024/internal/utils/utils.go:76.2,76.10 1 0
github.com/neilsmahajan/advent-of-code-2024/internal/utils/utils.go:80.27,81.11 1 0
github.com/neilsmahajan/advent-of-code-2024/internal/utils/utils.go:81.11,83.3 1 0
github.com/neilsmahajan/advent-of-code-2024/internal/utils/utils.go:84.2,84.10 1 0
github.com/neilsmahajan/advent-of-code-2024/internal/utils/utils.go:88.27,89.11 1 0
github.com/neilsmahajan/advent-of-code-2024/internal/utils/utils.go:89.11,91.3 1 0
github.com/neilsmahajan/advent-of-code-2024/internal/utils/utils.go:92.2,92.10 1 0
github.com/neilsmahajan/advent-of-code-2024/internal/utils/utils.go:96.30,98.27 2 0
github.com/neilsmahajan/advent-of-code-2024/internal/utils/utils.go:98.27,100.3 1 0
github.com/neilsmahajan/advent-of-code-2024/internal/utils/utils.go:101.2,101.12 1 0
github.com/neilsmahajan/advent-of-code-2024/internal/utils/utils.go:105.41,107.29 2 0
github.com/neilsmahajan/advent-of-code-2024/internal/utils/utils.go:107.29,109.3 1 0
github.com/neilsmahajan/advent-of-code-2024/internal/utils/utils.go:110.2,110.13 1 0
github.com/neilsmahajan/advent-of-code-2024/internal/utils/utils.go:114.49,115.20 1 0
github.com/neilsmahajan/advent-of-code-2024/internal/utils/utils.go:115.20,117.3 1 0
github.com/neilsmahajan/advent-of-code-2024/internal/utils/utils.go:118.2,118.32 1 0
github.com/neilsmahajan/advent-of-code-2024/internal/utils/utils.go:122.49,124.2 1 0
github.com/neilsmahajan/advent-of-code-2024/internal/days/day01/day01.go:14.44,16.16 2 1
github.com/neilsmahajan/advent-of-code-2024/internal/days/day01/day01.go:16.16,18.3 1 0
github.com/neilsmahajan/advent-of-code-2024/internal/days/day01/day01.go:19.2,19.15 1 1
github.com/neilsmahajan/advent-of-code-2024/internal/days/day01/day01.go:19.15,20.38 1 1
github.com/neilsmahajan/advent-of-code-2024/internal/days/day01/day01.go:20.38,22.4 1 0
github.com/neilsmahajan/advent-of-code-2024/internal/days/day01/day01.go:24.2,26.21 3 1
github.com/neilsmahajan/advent-of-code-2024/internal/days/day01/day01.go:26.21,29.22 3 1
github.com/neilsmahajan/advent-of-code-2024/internal/days/day01/day01.go:29.22,31.4 1 0
github.com/neilsmahajan/advent-of-code-2024/internal/days/day01/day01.go:33.3,34.17 2 1
github.com/neilsmahajan/advent-of-code-2024/internal/days/day01/day01.go:34.17,36.4 1 0
github.com/neilsmahajan/advent-of-code-2024/internal/days/day01/day01.go:38.3,39.17 2 1
github.com/neilsmahajan/advent-of-code-2024/internal/days/day01/day01.go:39.17,41.4 1 0
github.com/neilsmahajan/advent-of-code-2024/internal/days/day01/day01.go:43.3,44.42 2 1
github.com/neilsmahajan/advent-of-code-2024/internal/days/day01/day01.go:46.2,46.38 1 1
github.com/neilsmahajan/advent-of-code-2024/internal/days/day01/day01.go:46.38,48.3 1 0
github.com/neilsmahajan/advent-of-code-2024/internal/days/day01/day01.go:51.2,51.37 1 1
github.com/neilsmahajan/advent-of-code-2024/internal/days/day01/day01.go:51.37,53.3 1 0
github.com/neilsmahajan/advent-of-code-2024/internal/days/day01/day01.go:56.2,62.37 4 1
github.com/neilsmahajan/advent-of-code-2024/internal/days/day01/day01.go:62.37,65.3 2 1
github.com/neilsmahajan/advent-of-code-2024/internal/days/day01/day01.go:66.2,66.32 1 1
github.com/neilsmahajan/advent-of-code-2024/internal/days/day01/day01.go:69.44,71.16 2 1
github.com/neilsmahajan/advent-of-code-2024/internal/days/day01/day01.go:71.16,73.3 1 0
github.com/neilsmahajan/advent-of-code-2024/internal/days/day01/day01.go:74.2,74.15 1 1
github.com/neilsmahajan/advent-of-code-2024/internal/days/day01/day01.go:74.15,75.38 1 1
github.com/neilsmahajan/advent-of-code-2024/internal/days/day01/day01.go:75.38,77.4 1 0
github.com/neilsmahajan/advent-of-code-2024/internal/days/day01/day01.go:79.2,81.21 3 1
github.com/neilsmahajan/advent-of-code-2024/internal/days/day01/day01.go:81.21,84.22 3 1
github.com/neilsmahajan/advent-of-code-2024/internal/days/day01/day01.go:84.22,86.4 1 0
github.com/neilsmahajan/advent-of-code-2024/internal/days/day01/day01.go:88.3,89.17 2 1
github.com/neilsmahajan/advent-of-code-2024/internal/days/day01/day01.go:89.17,91.4 1 0
github.com/neilsmahajan/advent-of-code-2024/internal/days/day01/day01.go:93.3,94.17 2 1
github.com/neilsmahajan/advent-of-code-2024/internal/days/day01/day01.go:94.17,96.4 1 0
github.com/neilsmahajan/advent-of-code-2024/internal/days/day01/day01.go:98.3,99.42 2 1
github.com/neilsmahajan/advent-of-code-2024/internal/days/day01/day01.go:101.2,101.38 1 1
github.com/neilsmahajan/advent-of-code-2024/internal/days/day01/day01.go:101.38,103.3 1 0
github.com/neilsmahajan/advent-of-code-2024/internal/days/day01/day01.go:106.2,107.32 2 1
github.com/neilsmahajan/advent-of-code-2024/internal/days/day01/day01.go:107.32,109.3 1 1
github.com/neilsmahajan/advent-of-code-2024/internal/days/day01/day01.go:112.2,113.35 2 1
github.com/neilsmahajan/advent-of-code-2024/internal/days/day01/day01.go:113.35,116.3 2 1
github.com/neilsmahajan/advent-of-code-2024/internal/days/day01/day01.go:118.2,118.34 1 1
